Greenplum Health Check started on Wed Nov 19 06:17:34 PM EST 2025
Log file: /home/gpadmin/gp_health_check_20251119_181734.log
--------------------------------------------------
--- Running Check: Cluster Components Status ---
20251119:18:17:34:1208850 gpstate:rocky-gp-jb01:gpadmin-[INFO]:-Starting gpstate with args: -s
20251119:18:17:34:1208850 gpstate:rocky-gp-jb01:gpadmin-[INFO]:-local Greenplum Version: 'postgres (Greenplum Database) 7.3.1 build commit:f94282e57a5ae1d9d1615c994039f80035071d09'
20251119:18:17:34:1208850 gpstate:rocky-gp-jb01:gpadmin-[INFO]:-coordinator Greenplum Version: 'PostgreSQL 12.12 (Greenplum Database 7.3.1 build commit:f94282e57a5ae1d9d1615c994039f80035071d09) on x86_64-pc-linux-gnu, compiled by gcc (GCC) 11.4.1 20231218 (Red Hat 11.4.1-3), 64-bit compiled on Aug 22 2024 06:17:52 Bhuvnesh C.'
20251119:18:17:34:1208850 gpstate:rocky-gp-jb01:gpadmin-[INFO]:-Obtaining Segment details from coordinator...
20251119:18:17:34:1208850 gpstate:rocky-gp-jb01:gpadmin-[INFO]:-Gathering data from segments...
20251119:18:17:35:1208850 gpstate:rocky-gp-jb01:gpadmin-[INFO]:-----------------------------------------------------
20251119:18:17:35:1208850 gpstate:rocky-gp-jb01:gpadmin-[INFO]:--Coordinator Configuration & Status
20251119:18:17:35:1208850 gpstate:rocky-gp-jb01:gpadmin-[INFO]:-----------------------------------------------------
20251119:18:17:35:1208850 gpstate:rocky-gp-jb01:gpadmin-[INFO]:-   Coordinator host                  = cdw
20251119:18:17:35:1208850 gpstate:rocky-gp-jb01:gpadmin-[INFO]:-   Coordinator postgres process ID   = 2311297
20251119:18:17:35:1208850 gpstate:rocky-gp-jb01:gpadmin-[INFO]:-   Coordinator data directory        = /data/coordinator/gpseg-1
20251119:18:17:35:1208850 gpstate:rocky-gp-jb01:gpadmin-[INFO]:-   Coordinator port                  = 5432
20251119:18:17:35:1208850 gpstate:rocky-gp-jb01:gpadmin-[INFO]:-   Coordinator current role          = dispatch
20251119:18:17:35:1208850 gpstate:rocky-gp-jb01:gpadmin-[INFO]:-   Greenplum initsystem version      = 7.3.1 build commit:f94282e57a5ae1d9d1615c994039f80035071d09
20251119:18:17:35:1208850 gpstate:rocky-gp-jb01:gpadmin-[INFO]:-   Greenplum current version         = PostgreSQL 12.12 (Greenplum Database 7.3.1 build commit:f94282e57a5ae1d9d1615c994039f80035071d09) on x86_64-pc-linux-gnu, compiled by gcc (GCC) 11.4.1 20231218 (Red Hat 11.4.1-3), 64-bit compiled on Aug 22 2024 06:17:52 Bhuvnesh C.
20251119:18:17:35:1208850 gpstate:rocky-gp-jb01:gpadmin-[INFO]:-   Postgres version                  = 12.12
20251119:18:17:35:1208850 gpstate:rocky-gp-jb01:gpadmin-[INFO]:-   Coordinator standby               = No coordinator standby configured
20251119:18:17:35:1208850 gpstate:rocky-gp-jb01:gpadmin-[INFO]:-----------------------------------------------------
20251119:18:17:35:1208850 gpstate:rocky-gp-jb01:gpadmin-[INFO]:-Segment Instance Status Report
20251119:18:17:35:1208850 gpstate:rocky-gp-jb01:gpadmin-[INFO]:-----------------------------------------------------
20251119:18:17:35:1208850 gpstate:rocky-gp-jb01:gpadmin-[INFO]:-   Segment Info
20251119:18:17:35:1208850 gpstate:rocky-gp-jb01:gpadmin-[INFO]:-      Hostname                          = rocky-gp-jb01
20251119:18:17:35:1208850 gpstate:rocky-gp-jb01:gpadmin-[INFO]:-      Address                           = cdw
20251119:18:17:35:1208850 gpstate:rocky-gp-jb01:gpadmin-[INFO]:-      Datadir                           = /data/primary/gpseg0
20251119:18:17:35:1208850 gpstate:rocky-gp-jb01:gpadmin-[INFO]:-      Port                              = 6000
20251119:18:17:35:1208850 gpstate:rocky-gp-jb01:gpadmin-[INFO]:-   Status
20251119:18:17:35:1208850 gpstate:rocky-gp-jb01:gpadmin-[INFO]:-      PID                               = 2311265
20251119:18:17:35:1208850 gpstate:rocky-gp-jb01:gpadmin-[INFO]:-      Configuration reports status as   = Up
20251119:18:17:35:1208850 gpstate:rocky-gp-jb01:gpadmin-[INFO]:-      Database status                   = Up
20251119:18:17:35:1208850 gpstate:rocky-gp-jb01:gpadmin-[INFO]:-----------------------------------------------------
20251119:18:17:35:1208850 gpstate:rocky-gp-jb01:gpadmin-[INFO]:-   Segment Info
20251119:18:17:35:1208850 gpstate:rocky-gp-jb01:gpadmin-[INFO]:-      Hostname                          = rocky-gp-jb01
20251119:18:17:35:1208850 gpstate:rocky-gp-jb01:gpadmin-[INFO]:-      Address                           = cdw
20251119:18:17:35:1208850 gpstate:rocky-gp-jb01:gpadmin-[INFO]:-      Datadir                           = /data/primary/gpseg1
20251119:18:17:35:1208850 gpstate:rocky-gp-jb01:gpadmin-[INFO]:-      Port                              = 6001
20251119:18:17:35:1208850 gpstate:rocky-gp-jb01:gpadmin-[INFO]:-   Status
20251119:18:17:35:1208850 gpstate:rocky-gp-jb01:gpadmin-[INFO]:-      PID                               = 2311276
20251119:18:17:35:1208850 gpstate:rocky-gp-jb01:gpadmin-[INFO]:-      Configuration reports status as   = Up
20251119:18:17:35:1208850 gpstate:rocky-gp-jb01:gpadmin-[INFO]:-      Database status                   = Up
20251119:18:17:35:1208850 gpstate:rocky-gp-jb01:gpadmin-[INFO]:-----------------------------------------------------
20251119:18:17:35:1208850 gpstate:rocky-gp-jb01:gpadmin-[INFO]:-   Segment Info
20251119:18:17:35:1208850 gpstate:rocky-gp-jb01:gpadmin-[INFO]:-      Hostname                          = rocky-gp-jb02.tnzpve.broadcom.net
20251119:18:17:35:1208850 gpstate:rocky-gp-jb01:gpadmin-[INFO]:-      Address                           = sdw1
20251119:18:17:35:1208850 gpstate:rocky-gp-jb01:gpadmin-[INFO]:-      Datadir                           = /data/primary/gpseg2
20251119:18:17:35:1208850 gpstate:rocky-gp-jb01:gpadmin-[INFO]:-      Port                              = 6000
20251119:18:17:35:1208850 gpstate:rocky-gp-jb01:gpadmin-[INFO]:-   Status
20251119:18:17:35:1208850 gpstate:rocky-gp-jb01:gpadmin-[INFO]:-      PID                               = 2846782
20251119:18:17:35:1208850 gpstate:rocky-gp-jb01:gpadmin-[INFO]:-      Configuration reports status as   = Up
20251119:18:17:35:1208850 gpstate:rocky-gp-jb01:gpadmin-[INFO]:-      Database status                   = Up
20251119:18:17:35:1208850 gpstate:rocky-gp-jb01:gpadmin-[INFO]:-----------------------------------------------------
20251119:18:17:35:1208850 gpstate:rocky-gp-jb01:gpadmin-[INFO]:-   Segment Info
20251119:18:17:35:1208850 gpstate:rocky-gp-jb01:gpadmin-[INFO]:-      Hostname                          = rocky-gp-jb02.tnzpve.broadcom.net
20251119:18:17:35:1208850 gpstate:rocky-gp-jb01:gpadmin-[INFO]:-      Address                           = sdw1
20251119:18:17:35:1208850 gpstate:rocky-gp-jb01:gpadmin-[INFO]:-      Datadir                           = /data/primary/gpseg3
20251119:18:17:35:1208850 gpstate:rocky-gp-jb01:gpadmin-[INFO]:-      Port                              = 6001
20251119:18:17:35:1208850 gpstate:rocky-gp-jb01:gpadmin-[INFO]:-   Status
20251119:18:17:35:1208850 gpstate:rocky-gp-jb01:gpadmin-[INFO]:-      PID                               = 2846797
20251119:18:17:35:1208850 gpstate:rocky-gp-jb01:gpadmin-[INFO]:-      Configuration reports status as   = Up
20251119:18:17:35:1208850 gpstate:rocky-gp-jb01:gpadmin-[INFO]:-      Database status                   = Up
20251119:18:17:35:1208850 gpstate:rocky-gp-jb01:gpadmin-[INFO]:-----------------------------------------------------
20251119:18:17:35:1208850 gpstate:rocky-gp-jb01:gpadmin-[INFO]:-   Segment Info
20251119:18:17:35:1208850 gpstate:rocky-gp-jb01:gpadmin-[INFO]:-      Hostname                          = rocky-gp-jb03.tnzpve.broadcom.net
20251119:18:17:35:1208850 gpstate:rocky-gp-jb01:gpadmin-[INFO]:-      Address                           = sdw2
20251119:18:17:35:1208850 gpstate:rocky-gp-jb01:gpadmin-[INFO]:-      Datadir                           = /data/primary/gpseg4
20251119:18:17:35:1208850 gpstate:rocky-gp-jb01:gpadmin-[INFO]:-      Port                              = 6000
20251119:18:17:35:1208850 gpstate:rocky-gp-jb01:gpadmin-[INFO]:-   Status
20251119:18:17:35:1208850 gpstate:rocky-gp-jb01:gpadmin-[INFO]:-      PID                               = 2236432
20251119:18:17:35:1208850 gpstate:rocky-gp-jb01:gpadmin-[INFO]:-      Configuration reports status as   = Up
20251119:18:17:35:1208850 gpstate:rocky-gp-jb01:gpadmin-[INFO]:-      Database status                   = Up
20251119:18:17:35:1208850 gpstate:rocky-gp-jb01:gpadmin-[INFO]:-----------------------------------------------------
20251119:18:17:35:1208850 gpstate:rocky-gp-jb01:gpadmin-[INFO]:-   Segment Info
20251119:18:17:35:1208850 gpstate:rocky-gp-jb01:gpadmin-[INFO]:-      Hostname                          = rocky-gp-jb03.tnzpve.broadcom.net
20251119:18:17:35:1208850 gpstate:rocky-gp-jb01:gpadmin-[INFO]:-      Address                           = sdw2
20251119:18:17:35:1208850 gpstate:rocky-gp-jb01:gpadmin-[INFO]:-      Datadir                           = /data/primary/gpseg5
20251119:18:17:35:1208850 gpstate:rocky-gp-jb01:gpadmin-[INFO]:-      Port                              = 6001
20251119:18:17:35:1208850 gpstate:rocky-gp-jb01:gpadmin-[INFO]:-   Status
20251119:18:17:35:1208850 gpstate:rocky-gp-jb01:gpadmin-[INFO]:-      PID                               = 2236444
20251119:18:17:35:1208850 gpstate:rocky-gp-jb01:gpadmin-[INFO]:-      Configuration reports status as   = Up
20251119:18:17:35:1208850 gpstate:rocky-gp-jb01:gpadmin-[INFO]:-      Database status                   = Up
Check 'Cluster Components Status' Passed.
--------------------------------------------------
--- Running Check: Mirror Segment Status ---
20251119:18:17:35:1209098 gpstate:rocky-gp-jb01:gpadmin-[INFO]:-Starting gpstate with args: -m
20251119:18:17:35:1209098 gpstate:rocky-gp-jb01:gpadmin-[INFO]:-local Greenplum Version: 'postgres (Greenplum Database) 7.3.1 build commit:f94282e57a5ae1d9d1615c994039f80035071d09'
20251119:18:17:35:1209098 gpstate:rocky-gp-jb01:gpadmin-[INFO]:-coordinator Greenplum Version: 'PostgreSQL 12.12 (Greenplum Database 7.3.1 build commit:f94282e57a5ae1d9d1615c994039f80035071d09) on x86_64-pc-linux-gnu, compiled by gcc (GCC) 11.4.1 20231218 (Red Hat 11.4.1-3), 64-bit compiled on Aug 22 2024 06:17:52 Bhuvnesh C.'
20251119:18:17:35:1209098 gpstate:rocky-gp-jb01:gpadmin-[INFO]:-Obtaining Segment details from coordinator...
20251119:18:17:35:1209098 gpstate:rocky-gp-jb01:gpadmin-[WARNING]:--------------------------------------------------------------
20251119:18:17:35:1209098 gpstate:rocky-gp-jb01:gpadmin-[WARNING]:-Mirror not used
20251119:18:17:35:1209098 gpstate:rocky-gp-jb01:gpadmin-[WARNING]:--------------------------------------------------------------
Check 'Mirror Segment Status' Passed.
--------------------------------------------------
--- Running Check: Standby coordinator Status ---
20251119:18:17:36:1209125 gpstate:rocky-gp-jb01:gpadmin-[INFO]:-Starting gpstate with args: -f
20251119:18:17:36:1209125 gpstate:rocky-gp-jb01:gpadmin-[INFO]:-local Greenplum Version: 'postgres (Greenplum Database) 7.3.1 build commit:f94282e57a5ae1d9d1615c994039f80035071d09'
20251119:18:17:36:1209125 gpstate:rocky-gp-jb01:gpadmin-[INFO]:-coordinator Greenplum Version: 'PostgreSQL 12.12 (Greenplum Database 7.3.1 build commit:f94282e57a5ae1d9d1615c994039f80035071d09) on x86_64-pc-linux-gnu, compiled by gcc (GCC) 11.4.1 20231218 (Red Hat 11.4.1-3), 64-bit compiled on Aug 22 2024 06:17:52 Bhuvnesh C.'
20251119:18:17:36:1209125 gpstate:rocky-gp-jb01:gpadmin-[INFO]:-Obtaining Segment details from coordinator...
20251119:18:17:36:1209125 gpstate:rocky-gp-jb01:gpadmin-[INFO]:-Standby coordinator instance not configured
20251119:18:17:36:1209125 gpstate:rocky-gp-jb01:gpadmin-[INFO]:--------------------------------------------------------------
20251119:18:17:36:1209125 gpstate:rocky-gp-jb01:gpadmin-[INFO]:--pg_stat_replication
20251119:18:17:36:1209125 gpstate:rocky-gp-jb01:gpadmin-[INFO]:--------------------------------------------------------------
20251119:18:17:36:1209125 gpstate:rocky-gp-jb01:gpadmin-[INFO]:-No entries found.
20251119:18:17:36:1209125 gpstate:rocky-gp-jb01:gpadmin-[INFO]:--------------------------------------------------------------
Check 'Standby coordinator Status' Passed.
--------------------------------------------------
--- Checking GP Cluster Specifications ---
--- Checking GP hostname from gp_segment_configuration  ---
             hostname              
-----------------------------------
 cdw
 rocky-gp-jb01
 rocky-gp-jb02.tnzpve.broadcom.net
 rocky-gp-jb03.tnzpve.broadcom.net
(4 rows)

                                                                                                                 version                                                                                                                 
-----------------------------------------------------------------------------------------------------------------------------------------------------------------------------------------------------------------------------------------
 PostgreSQL 12.12 (Greenplum Database 7.3.1 build commit:f94282e57a5ae1d9d1615c994039f80035071d09) on x86_64-pc-linux-gnu, compiled by gcc (GCC) 11.4.1 20231218 (Red Hat 11.4.1-3), 64-bit compiled on Aug 22 2024 06:17:52 Bhuvnesh C.
(1 row)

--- Checking GP Cluster pg_available_extensions  ---
          name           |    default_version     | installed_version |                                            comment                                            
-------------------------+------------------------+-------------------+-----------------------------------------------------------------------------------------------
 advanced_password_check | 1.2                    |                   | Advanced Password Check
 btree_gin               | 1.3                    |                   | support for indexing common datatypes in GIN
 citext                  | 1.6                    |                   | data type for case-insensitive character strings
 dataflow                | 1.0                    |                   | Extension which provides extra formatters and types for dataflow
 dblink                  | 1.2                    |                   | connect to other PostgreSQL databases from within a database
 diskquota               | 2.3                    |                   | Disk Quota Main Program
 file_fdw                | 1.0                    |                   | foreign-data wrapper for flat file access
 fuzzystrmatch           | 1.1                    |                   | determine similarities and distance between strings
 gp_distribution_policy  | 1.0                    |                   | check distribution policy in a GPDB cluster
 gp_exttable_fdw         | 1.0                    | 1.0               | External Table Foreign Data Wrapper for Greenplum
 gp_internal_tools       | 1.0.0                  |                   | Different internal tools for Greenplum
 gp_legacy_string_agg    | 1.0.0                  |                   | Legacy one-argument string_agg implementation for Greenplum
 gp_sparse_vector        | 1.0.1                  |                   | SParse vector implementation for GreenPlum
 gp_toolkit              | 1.8                    | 1.8               | various GPDB administrative views/functions
 gp_wlm                  | 0.1                    |                   | Greenplum Workload Manager Extension
 gpss                    | 1.0                    |                   | Extension which implements kinds of gpss formaters and protocol buffer
 greenplum_fdw           | 1.1                    |                   | foreign-data wrapper for remote greenplum servers
 h3                      | 4.1.3                  |                   | H3 bindings for PostgreSQL
 h3_postgis              | 4.1.3                  |                   | H3 PostGIS integration
 hll                     | 2.16                   |                   | type for storing hyperloglog data
 hstore                  | 1.6                    |                   | data type for storing sets of (key, value) pairs
 ip4r                    | 2.4                    |                   | 
 isn                     | 1.2                    |                   | data types for international product numbering standards
 ltree                   | 1.1                    |                   | data type for hierarchical tree-like structures
 metrics_collector       | 1.0                    |                   | Greenplum Metrics Collector Extension
 orafce                  | 4.9                    |                   | Functions and operators that emulate a subset of functions and packages from the Oracle RDBMS
 orafce_ext              | 1.0                    |                   | 
 pageinspect             | 1.9                    |                   | inspect the contents of database pages at a low level
 pg_buffercache          | 1.4.1                  |                   | examine the shared buffer cache
 pg_cron                 | 1.6                    |                   | Job scheduler for PostgreSQL
 pg_hint_plan            | 1.3.9                  |                   | 
 pg_trgm                 | 1.4                    |                   | text similarity measurement and index searching based on trigrams
 pgaudit                 | 7.0                    |                   | provides auditing functionality
 pgcrypto                | 1.3                    |                   | cryptographic functions
 pgml                    | 2.7.13+greenplum.1.0.3 |                   | pgml:  Created by the PostgresML team
 plperl                  | 1.0                    |                   | PL/Perl procedural language
 plperlu                 | 1.0                    |                   | PL/PerlU untrusted procedural language
 plpgsql                 | 1.0                    | 1.0               | PL/pgSQL procedural language
 plpython3u              | 1.0                    |                   | PL/Python3U untrusted procedural language
 postgres_fdw            | 1.0                    |                   | foreign-data wrapper for remote PostgreSQL servers
 pxf                     | 2.1                    | 2.1               | Extension which allows to access unmanaged data
 pxf_fdw                 | 2.0                    |                   | PXF Foreign Data Wrapper for Greenplum
 sslinfo                 | 1.2                    |                   | information about SSL certificates
 tablefunc               | 1.0                    |                   | functions that manipulate whole tables, including crosstab
 timestamp9              | 1.3.0                  |                   | timestamp nanosecond resolution
 uuid-ossp               | 1.1                    |                   | generate universally unique identifiers (UUIDs)
 vector                  | 0.7.0                  |                   | vector data type and ivfflat and hnsw access methods
(47 rows)

--- Checking GP Cluster number of physical CPU sockets  ---
Socket(s):                            2
--- Checking GP Cluster information about the CPU  ---
Core(s) per socket:                   12
--- Checking GP cluster all segmets are running   ---
 dbid | content | role | preferred_role | mode | status | port |             hostname              | address |          datadir          
------+---------+------+----------------+------+--------+------+-----------------------------------+---------+---------------------------
    1 |      -1 | p    | p              | n    | u      | 5432 | cdw                               | cdw     | /data/coordinator/gpseg-1
    2 |       0 | p    | p              | n    | u      | 6000 | rocky-gp-jb01                     | cdw     | /data/primary/gpseg0
    3 |       1 | p    | p              | n    | u      | 6001 | rocky-gp-jb01                     | cdw     | /data/primary/gpseg1
    4 |       2 | p    | p              | n    | u      | 6000 | rocky-gp-jb02.tnzpve.broadcom.net | sdw1    | /data/primary/gpseg2
    5 |       3 | p    | p              | n    | u      | 6001 | rocky-gp-jb02.tnzpve.broadcom.net | sdw1    | /data/primary/gpseg3
    6 |       4 | p    | p              | n    | u      | 6000 | rocky-gp-jb03.tnzpve.broadcom.net | sdw2    | /data/primary/gpseg4
    7 |       5 | p    | p              | n    | u      | 6001 | rocky-gp-jb03.tnzpve.broadcom.net | sdw2    | /data/primary/gpseg5
(7 rows)

--- Verify metadata consistency across all databases   ---
Truncated batch size to number of primaries: 7

Connected as user 'gpadmin' to database 'demo', port '5432', gpdb version '7.3'
-------------------------------------------------------------------
Batch size: 7
Performing test 'unique_index_violation'
Total runtime for test 'unique_index_violation': 0:00:00.54
Performing test 'duplicate'
Total runtime for test 'duplicate': 0:00:02.75
Performing test 'missing_extraneous'
Total runtime for test 'missing_extraneous': 0:00:00.39
Performing test 'inconsistent'
Total runtime for test 'inconsistent': 0:00:02.17
Performing test 'foreign_key'
Total runtime for test 'foreign_key': 0:00:00.82
Performing test 'pgclass'
Total runtime for test 'pgclass': 0:00:00.03
Performing test 'namespace'
Total runtime for test 'namespace': 0:00:00.00
Performing test 'distribution_policy'
Total runtime for test 'distribution_policy': 0:00:00.00
Performing test 'dependency'
Total runtime for test 'dependency': 0:00:00.11
Performing test 'part_integrity'
Total runtime for test 'part_integrity': 0:00:00.02
Performing test 'orphaned_toast_tables'
Total runtime for test 'orphaned_toast_tables': 0:00:00.05
Performing test 'aoseg_table'
Total runtime for test 'aoseg_table': 0:00:00.00
Performing test 'ao_lastrownums'
Total runtime for test 'ao_lastrownums': 0:00:00.00
Performing test 'mix_distribution_policy'
Total runtime for test 'mix_distribution_policy': 0:00:00.00

SUMMARY REPORT: PASSED
===================================================================
Completed 14 test(s) on database 'demo' at 2025-11-19 18:17:43 with elapsed time 0:00:06
Found no catalog issue


Connected as user 'gpadmin' to database 'gp_wcc', port '5432', gpdb version '7.3'
-------------------------------------------------------------------
Batch size: 7
Performing test 'unique_index_violation'
Total runtime for test 'unique_index_violation': 0:00:00.59
Performing test 'duplicate'
Total runtime for test 'duplicate': 0:00:02.65
Performing test 'missing_extraneous'
Total runtime for test 'missing_extraneous': 0:00:00.41
Performing test 'inconsistent'
Total runtime for test 'inconsistent': 0:00:02.39
Performing test 'foreign_key'
Total runtime for test 'foreign_key': 0:00:00.87
Performing test 'pgclass'
Total runtime for test 'pgclass': 0:00:00.03
Performing test 'namespace'
Total runtime for test 'namespace': 0:00:00.00
Performing test 'distribution_policy'
Total runtime for test 'distribution_policy': 0:00:00.00
Performing test 'dependency'
Total runtime for test 'dependency': 0:00:00.13
Performing test 'part_integrity'
Total runtime for test 'part_integrity': 0:00:00.02
Performing test 'orphaned_toast_tables'
Total runtime for test 'orphaned_toast_tables': 0:00:00.04
Performing test 'aoseg_table'
Total runtime for test 'aoseg_table': 0:00:00.00
Performing test 'ao_lastrownums'
Total runtime for test 'ao_lastrownums': 0:00:00.00
Performing test 'mix_distribution_policy'
Total runtime for test 'mix_distribution_policy': 0:00:00.00

SUMMARY REPORT: PASSED
===================================================================
Completed 14 test(s) on database 'gp_wcc' at 2025-11-19 18:17:51 with elapsed time 0:00:07
Found no catalog issue


Connected as user 'gpadmin' to database 'gp_wcc_db', port '5432', gpdb version '7.3'
-------------------------------------------------------------------
Batch size: 7
Performing test 'unique_index_violation'
Total runtime for test 'unique_index_violation': 0:00:00.85
Performing test 'duplicate'
Total runtime for test 'duplicate': 0:00:02.94
Performing test 'missing_extraneous'
Total runtime for test 'missing_extraneous': 0:00:00.44
Performing test 'inconsistent'
Total runtime for test 'inconsistent': 0:00:02.49
Performing test 'foreign_key'
Total runtime for test 'foreign_key': 0:00:01.00
Performing test 'pgclass'
Total runtime for test 'pgclass': 0:00:00.04
Performing test 'namespace'
Total runtime for test 'namespace': 0:00:00.00
Performing test 'distribution_policy'
Total runtime for test 'distribution_policy': 0:00:00.00
Performing test 'dependency'
Total runtime for test 'dependency': 0:00:00.15
Performing test 'part_integrity'
Total runtime for test 'part_integrity': 0:00:00.03
Performing test 'orphaned_toast_tables'
Total runtime for test 'orphaned_toast_tables': 0:00:00.07
Performing test 'aoseg_table'
Total runtime for test 'aoseg_table': 0:00:00.00
Performing test 'ao_lastrownums'
Total runtime for test 'ao_lastrownums': 0:00:00.00
Performing test 'mix_distribution_policy'
Total runtime for test 'mix_distribution_policy': 0:00:00.00

SUMMARY REPORT: PASSED
===================================================================
Completed 14 test(s) on database 'gp_wcc_db' at 2025-11-19 18:17:59 with elapsed time 0:00:08
Found no catalog issue


Connected as user 'gpadmin' to database 'gpperfmon', port '5432', gpdb version '7.3'
-------------------------------------------------------------------
Batch size: 7
Performing test 'unique_index_violation'
Total runtime for test 'unique_index_violation': 0:00:01.47
Performing test 'duplicate'
Total runtime for test 'duplicate': 0:00:03.32
Performing test 'missing_extraneous'
Total runtime for test 'missing_extraneous': 0:00:00.79
Performing test 'inconsistent'
Total runtime for test 'inconsistent': 0:00:03.20
Performing test 'foreign_key'
Total runtime for test 'foreign_key': 0:00:04.89
Performing test 'pgclass'
Total runtime for test 'pgclass': 0:00:00.17
Performing test 'namespace'
Total runtime for test 'namespace': 0:00:00.15
Performing test 'distribution_policy'
Total runtime for test 'distribution_policy': 0:00:00.00
Performing test 'dependency'
Total runtime for test 'dependency': 0:00:00.17
Performing test 'part_integrity'
Total runtime for test 'part_integrity': 0:00:00.06
Performing test 'orphaned_toast_tables'
Total runtime for test 'orphaned_toast_tables': 0:00:00.37
Performing test 'aoseg_table'
Total runtime for test 'aoseg_table': 0:00:00.50
Performing test 'ao_lastrownums'
Total runtime for test 'ao_lastrownums': 0:00:00.02
Performing test 'mix_distribution_policy'
Total runtime for test 'mix_distribution_policy': 0:00:00.00

SUMMARY REPORT: PASSED
===================================================================
Completed 14 test(s) on database 'gpperfmon' at 2025-11-19 18:18:14 with elapsed time 0:00:15
Found no catalog issue


Connected as user 'gpadmin' to database 'postgres', port '5432', gpdb version '7.3'
-------------------------------------------------------------------
Batch size: 7
Performing test 'unique_index_violation'
Total runtime for test 'unique_index_violation': 0:00:00.49
Performing test 'duplicate'
Total runtime for test 'duplicate': 0:00:02.34
Performing test 'missing_extraneous'
Total runtime for test 'missing_extraneous': 0:00:00.34
Performing test 'inconsistent'
Total runtime for test 'inconsistent': 0:00:01.98
Performing test 'foreign_key'
Total runtime for test 'foreign_key': 0:00:00.77
Performing test 'pgclass'
Total runtime for test 'pgclass': 0:00:00.02
Performing test 'namespace'
Total runtime for test 'namespace': 0:00:00.00
Performing test 'distribution_policy'
Total runtime for test 'distribution_policy': 0:00:00.00
Performing test 'dependency'
Total runtime for test 'dependency': 0:00:00.12
Performing test 'part_integrity'
Total runtime for test 'part_integrity': 0:00:00.02
Performing test 'orphaned_toast_tables'
Total runtime for test 'orphaned_toast_tables': 0:00:00.04
Performing test 'aoseg_table'
Total runtime for test 'aoseg_table': 0:00:00.00
Performing test 'ao_lastrownums'
Total runtime for test 'ao_lastrownums': 0:00:00.00
Performing test 'mix_distribution_policy'
Total runtime for test 'mix_distribution_policy': 0:00:00.00

SUMMARY REPORT: PASSED
===================================================================
Completed 14 test(s) on database 'postgres' at 2025-11-19 18:18:20 with elapsed time 0:00:06
Found no catalog issue


Connected as user 'gpadmin' to database 'rcaf', port '5432', gpdb version '7.3'
-------------------------------------------------------------------
Batch size: 7
Performing test 'unique_index_violation'
Total runtime for test 'unique_index_violation': 0:00:00.51
Performing test 'duplicate'
Total runtime for test 'duplicate': 0:00:02.37
Performing test 'missing_extraneous'
Total runtime for test 'missing_extraneous': 0:00:00.36
Performing test 'inconsistent'
Total runtime for test 'inconsistent': 0:00:02.09
Performing test 'foreign_key'
Total runtime for test 'foreign_key': 0:00:00.78
Performing test 'pgclass'
Total runtime for test 'pgclass': 0:00:00.02
Performing test 'namespace'
Total runtime for test 'namespace': 0:00:00.00
Performing test 'distribution_policy'
Total runtime for test 'distribution_policy': 0:00:00.00
Performing test 'dependency'
Total runtime for test 'dependency': 0:00:00.11
Performing test 'part_integrity'
Total runtime for test 'part_integrity': 0:00:00.02
Performing test 'orphaned_toast_tables'
Total runtime for test 'orphaned_toast_tables': 0:00:00.04
Performing test 'aoseg_table'
Total runtime for test 'aoseg_table': 0:00:00.00
Performing test 'ao_lastrownums'
Total runtime for test 'ao_lastrownums': 0:00:00.00
Performing test 'mix_distribution_policy'
Total runtime for test 'mix_distribution_policy': 0:00:00.00

SUMMARY REPORT: PASSED
===================================================================
Completed 14 test(s) on database 'rcaf' at 2025-11-19 18:18:27 with elapsed time 0:00:06
Found no catalog issue


Connected as user 'gpadmin' to database 'template1', port '5432', gpdb version '7.3'
-------------------------------------------------------------------
Batch size: 7
Performing test 'unique_index_violation'
Total runtime for test 'unique_index_violation': 0:00:00.56
Performing test 'duplicate'
Total runtime for test 'duplicate': 0:00:02.57
Performing test 'missing_extraneous'
Total runtime for test 'missing_extraneous': 0:00:00.36
Performing test 'inconsistent'
Total runtime for test 'inconsistent': 0:00:02.09
Performing test 'foreign_key'
Total runtime for test 'foreign_key': 0:00:00.80
Performing test 'pgclass'
Total runtime for test 'pgclass': 0:00:00.02
Performing test 'namespace'
Total runtime for test 'namespace': 0:00:00.00
Performing test 'distribution_policy'
Total runtime for test 'distribution_policy': 0:00:00.00
Performing test 'dependency'
Total runtime for test 'dependency': 0:00:00.11
Performing test 'part_integrity'
Total runtime for test 'part_integrity': 0:00:00.02
Performing test 'orphaned_toast_tables'
Total runtime for test 'orphaned_toast_tables': 0:00:00.04
Performing test 'aoseg_table'
Total runtime for test 'aoseg_table': 0:00:00.00
Performing test 'ao_lastrownums'
Total runtime for test 'ao_lastrownums': 0:00:00.00
Performing test 'mix_distribution_policy'
Total runtime for test 'mix_distribution_policy': 0:00:00.00

SUMMARY REPORT: PASSED
===================================================================
Completed 14 test(s) on database 'template1' at 2025-11-19 18:18:33 with elapsed time 0:00:06
Found no catalog issue


Connected as user 'gpadmin' to database 'verizon', port '5432', gpdb version '7.3'
-------------------------------------------------------------------
Batch size: 7
Performing test 'unique_index_violation'
Total runtime for test 'unique_index_violation': 0:00:00.58
Performing test 'duplicate'
Total runtime for test 'duplicate': 0:00:02.43
Performing test 'missing_extraneous'
Total runtime for test 'missing_extraneous': 0:00:00.37
Performing test 'inconsistent'
Total runtime for test 'inconsistent': 0:00:02.16
Performing test 'foreign_key'
Total runtime for test 'foreign_key': 0:00:00.84
Performing test 'pgclass'
Total runtime for test 'pgclass': 0:00:00.02
Performing test 'namespace'
Total runtime for test 'namespace': 0:00:00.00
Performing test 'distribution_policy'
Total runtime for test 'distribution_policy': 0:00:00.00
Performing test 'dependency'
Total runtime for test 'dependency': 0:00:00.10
Performing test 'part_integrity'
Total runtime for test 'part_integrity': 0:00:00.02
Performing test 'orphaned_toast_tables'
Total runtime for test 'orphaned_toast_tables': 0:00:00.05
Performing test 'aoseg_table'
Total runtime for test 'aoseg_table': 0:00:00.00
Performing test 'ao_lastrownums'
Total runtime for test 'ao_lastrownums': 0:00:00.00
Performing test 'mix_distribution_policy'
Total runtime for test 'mix_distribution_policy': 0:00:00.00

SUMMARY REPORT: PASSED
===================================================================
Completed 14 test(s) on database 'verizon' at 2025-11-19 18:18:40 with elapsed time 0:00:06
Found no catalog issue

--- Checking Greenplum resource group specification  ---
 groupid |   groupname   | concurrency | cpu_max_percent | cpu_weight | cpuset | memory_quota | min_cost | io_limit 
---------+---------------+-------------+-----------------+------------+--------+--------------+----------+----------
    6437 | default_group | 20          | 20              | 100        | -1     | -1           | 500      | -1
    6438 | admin_group   | 10          | 10              | 100        | -1     | -1           | 500      | -1
    6441 | system_group  | 0           | 10              | 100        | -1     | -1           | 500      | -1
(3 rows)

--- Checking Memory Parameters ---
Show gp_vmem_protect_limit 
Values on all segments are consistent
GUC              : gp_vmem_protect_limit
Coordinator value: 8192
Segment     value: 8192
Show statement_mem: 
Values on all segments are consistent
GUC              : statement_mem
Coordinator value: 125MB
Segment     value: 125MB
Show  max_connections: 
Show gp_resqueue_memory_policy: 
 gp_resqueue_memory_policy 
---------------------------
 eager_free
(1 row)

--------------------------------------------------
DB Names : demo
gpperfmon
verizon
rcaf
gp_wcc_db
gp_wcc 
----------------Processing database Start: demo  --------------------------
 Show gp_skew_coefficients 
 skcoid  | skcnamespace |   skcrelname   | skccoeff 
---------+--------------+----------------+----------
 1570574 | public       | satellite_data |        0
(1 row)

Show gp_skew_idle_fractions  
 sifoid  | sifnamespace |   sifrelname   | siffraction 
---------+--------------+----------------+-------------
 1570574 | public       | satellite_data |           0
(1 row)

Show gp_stats_missing  
 smischema |    smitable    | smisize | smicols | smirecs 
-----------+----------------+---------+---------+---------
 public    | satellite_data | f       |      14 |       0
(1 row)

Show gp_bloat_diag: This view helps diagnose which tables have significant storage bloat.
 bdirelid | bdinspname | bdirelname  | bdirelpages | bdiexppages |                bdidiag                
----------+------------+-------------+-------------+-------------+---------------------------------------
     1214 | pg_catalog | pg_shdepend |         502 |           6 | significant amount of bloat suspected
(1 row)

Show gp_size_of_table_disk: View the size of tables on disk.
 sotdoid | sotdsize | sotdtoastsize | sotdadditionalsize | sotdschemaname | sotdtablename  
---------+----------+---------------+--------------------+----------------+----------------
 1570574 |        0 |        229376 |                  0 | public         | satellite_data
(1 row)

----------------Processing database End: demo --------------------------
----------------Processing database Start: gpperfmon  --------------------------
 Show gp_skew_coefficients 
 skcoid  | skcnamespace |   skcrelname   | skccoeff 
---------+--------------+----------------+----------
 1570574 | public       | satellite_data |        0
(1 row)

Show gp_skew_idle_fractions  
 sifoid  | sifnamespace |   sifrelname   | siffraction 
---------+--------------+----------------+-------------
 1570574 | public       | satellite_data |           0
(1 row)

Show gp_stats_missing  
 smischema |    smitable    | smisize | smicols | smirecs 
-----------+----------------+---------+---------+---------
 public    | satellite_data | f       |      14 |       0
(1 row)

Show gp_bloat_diag: This view helps diagnose which tables have significant storage bloat.
 bdirelid | bdinspname | bdirelname  | bdirelpages | bdiexppages |                bdidiag                
----------+------------+-------------+-------------+-------------+---------------------------------------
     1214 | pg_catalog | pg_shdepend |         502 |           6 | significant amount of bloat suspected
(1 row)

Show gp_size_of_table_disk: View the size of tables on disk.
 sotdoid | sotdsize | sotdtoastsize | sotdadditionalsize | sotdschemaname | sotdtablename  
---------+----------+---------------+--------------------+----------------+----------------
 1570574 |        0 |        229376 |                  0 | public         | satellite_data
(1 row)

----------------Processing database End: gpperfmon --------------------------
----------------Processing database Start: verizon  --------------------------
 Show gp_skew_coefficients 
 skcoid  | skcnamespace |   skcrelname   | skccoeff 
---------+--------------+----------------+----------
 1570574 | public       | satellite_data |        0
(1 row)

Show gp_skew_idle_fractions  
 sifoid  | sifnamespace |   sifrelname   | siffraction 
---------+--------------+----------------+-------------
 1570574 | public       | satellite_data |           0
(1 row)

Show gp_stats_missing  
 smischema |    smitable    | smisize | smicols | smirecs 
-----------+----------------+---------+---------+---------
 public    | satellite_data | f       |      14 |       0
(1 row)

Show gp_bloat_diag: This view helps diagnose which tables have significant storage bloat.
 bdirelid | bdinspname | bdirelname  | bdirelpages | bdiexppages |                bdidiag                
----------+------------+-------------+-------------+-------------+---------------------------------------
     1214 | pg_catalog | pg_shdepend |         502 |           6 | significant amount of bloat suspected
(1 row)

Show gp_size_of_table_disk: View the size of tables on disk.
 sotdoid | sotdsize | sotdtoastsize | sotdadditionalsize | sotdschemaname | sotdtablename  
---------+----------+---------------+--------------------+----------------+----------------
 1570574 |        0 |        229376 |                  0 | public         | satellite_data
(1 row)

----------------Processing database End: verizon --------------------------
----------------Processing database Start: rcaf  --------------------------
 Show gp_skew_coefficients 
 skcoid  | skcnamespace |   skcrelname   | skccoeff 
---------+--------------+----------------+----------
 1570574 | public       | satellite_data |        0
(1 row)

Show gp_skew_idle_fractions  
 sifoid  | sifnamespace |   sifrelname   | siffraction 
---------+--------------+----------------+-------------
 1570574 | public       | satellite_data |           0
(1 row)

Show gp_stats_missing  
 smischema |    smitable    | smisize | smicols | smirecs 
-----------+----------------+---------+---------+---------
 public    | satellite_data | f       |      14 |       0
(1 row)

Show gp_bloat_diag: This view helps diagnose which tables have significant storage bloat.
 bdirelid | bdinspname | bdirelname  | bdirelpages | bdiexppages |                bdidiag                
----------+------------+-------------+-------------+-------------+---------------------------------------
     1214 | pg_catalog | pg_shdepend |         502 |           6 | significant amount of bloat suspected
(1 row)

Show gp_size_of_table_disk: View the size of tables on disk.
 sotdoid | sotdsize | sotdtoastsize | sotdadditionalsize | sotdschemaname | sotdtablename  
---------+----------+---------------+--------------------+----------------+----------------
 1570574 |        0 |        229376 |                  0 | public         | satellite_data
(1 row)

----------------Processing database End: rcaf --------------------------
----------------Processing database Start: gp_wcc_db  --------------------------
 Show gp_skew_coefficients 
 skcoid  | skcnamespace |   skcrelname   | skccoeff 
---------+--------------+----------------+----------
 1570574 | public       | satellite_data |        0
(1 row)

Show gp_skew_idle_fractions  
 sifoid  | sifnamespace |   sifrelname   | siffraction 
---------+--------------+----------------+-------------
 1570574 | public       | satellite_data |           0
(1 row)

Show gp_stats_missing  
 smischema |    smitable    | smisize | smicols | smirecs 
-----------+----------------+---------+---------+---------
 public    | satellite_data | f       |      14 |       0
(1 row)

Show gp_bloat_diag: This view helps diagnose which tables have significant storage bloat.
 bdirelid | bdinspname | bdirelname  | bdirelpages | bdiexppages |                bdidiag                
----------+------------+-------------+-------------+-------------+---------------------------------------
     1214 | pg_catalog | pg_shdepend |         502 |           6 | significant amount of bloat suspected
(1 row)

Show gp_size_of_table_disk: View the size of tables on disk.
 sotdoid | sotdsize | sotdtoastsize | sotdadditionalsize | sotdschemaname | sotdtablename  
---------+----------+---------------+--------------------+----------------+----------------
 1570574 |        0 |        229376 |                  0 | public         | satellite_data
(1 row)

----------------Processing database End: gp_wcc_db --------------------------
----------------Processing database Start: gp_wcc  --------------------------
 Show gp_skew_coefficients 
 skcoid  | skcnamespace |   skcrelname   | skccoeff 
---------+--------------+----------------+----------
 1570574 | public       | satellite_data |        0
(1 row)

Show gp_skew_idle_fractions  
 sifoid  | sifnamespace |   sifrelname   | siffraction 
---------+--------------+----------------+-------------
 1570574 | public       | satellite_data |           0
(1 row)

Show gp_stats_missing  
 smischema |    smitable    | smisize | smicols | smirecs 
-----------+----------------+---------+---------+---------
 public    | satellite_data | f       |      14 |       0
(1 row)

Show gp_bloat_diag: This view helps diagnose which tables have significant storage bloat.
 bdirelid | bdinspname | bdirelname  | bdirelpages | bdiexppages |                bdidiag                
----------+------------+-------------+-------------+-------------+---------------------------------------
     1214 | pg_catalog | pg_shdepend |         502 |           6 | significant amount of bloat suspected
(1 row)

Show gp_size_of_table_disk: View the size of tables on disk.
 sotdoid | sotdsize | sotdtoastsize | sotdadditionalsize | sotdschemaname | sotdtablename  
---------+----------+---------------+--------------------+----------------+----------------
 1570574 |        0 |        229376 |                  0 | public         | satellite_data
(1 row)

----------------Processing database End: gp_wcc --------------------------
--- Checking for Disk Free Space ---
[ cdw] df -h
[ cdw] Filesystem           Size  Used Avail Use% Mounted on
[ cdw] devtmpfs             4.0M     0  4.0M   0% /dev
[ cdw] tmpfs                 32G  232K   32G   1% /dev/shm
[ cdw] tmpfs                 13G  160M   13G   2% /run
[ cdw] efivarfs             256K   57K  195K  23% /sys/firmware/efi/efivars
[ cdw] /dev/mapper/rl-root   70G   29G   42G  41% /
[ cdw] /dev/sda2            960M  526M  435M  55% /boot
[ cdw] /dev/sda1            599M  7.1M  592M   2% /boot/efi
[ cdw] /dev/mapper/rl-home  497G   21G  477G   5% /home
[ cdw] tmpfs                6.3G   56K  6.3G   1% /run/user/42
[ cdw] tmpfs                6.3G   36K  6.3G   1% /run/user/1001
[ cdw] tmpfs                6.3G   36K  6.3G   1% /run/user/0
[sdw1] df -h
[sdw1] Filesystem           Size  Used Avail Use% Mounted on
[sdw1] devtmpfs             4.0M     0  4.0M   0% /dev
[sdw1] tmpfs                 32G  192K   32G   1% /dev/shm
[sdw1] tmpfs                 13G   82M   13G   1% /run
[sdw1] efivarfs             256K   57K  195K  23% /sys/firmware/efi/efivars
[sdw1] /dev/mapper/rl-root   70G   25G   46G  35% /
[sdw1] /dev/sda2            960M  450M  511M  47% /boot
[sdw1] /dev/mapper/rl-home  497G  4.0G  493G   1% /home
[sdw1] /dev/sda1            599M  7.1M  592M   2% /boot/efi
[sdw1] tmpfs                6.3G   52K  6.3G   1% /run/user/42
[sdw1] tmpfs                6.3G   36K  6.3G   1% /run/user/1001
[sdw2] df -h
[sdw2] Filesystem           Size  Used Avail Use% Mounted on
[sdw2] devtmpfs             4.0M     0  4.0M   0% /dev
[sdw2] tmpfs                 32G  192K   32G   1% /dev/shm
[sdw2] tmpfs                 13G   82M   13G   1% /run
[sdw2] efivarfs             256K   57K  195K  23% /sys/firmware/efi/efivars
[sdw2] /dev/mapper/rl-root   70G   25G   46G  35% /
[sdw2] /dev/sda2            960M  450M  511M  47% /boot
[sdw2] /dev/sda1            599M  7.1M  592M   2% /boot/efi
[sdw2] /dev/mapper/rl-home  497G  3.9G  493G   1% /home
[sdw2] tmpfs                6.3G   52K  6.3G   1% /run/user/42
[sdw2] tmpfs                6.3G   36K  6.3G   1% /run/user/1001
Filesystem           Size  Used Avail Use% Mounted on
devtmpfs             4.0M     0  4.0M   0% /dev
tmpfs                 32G  232K   32G   1% /dev/shm
tmpfs                 13G  160M   13G   2% /run
efivarfs             256K   57K  195K  23% /sys/firmware/efi/efivars
/dev/mapper/rl-root   70G   29G   42G  41% /
/dev/sda2            960M  526M  435M  55% /boot
/dev/sda1            599M  7.1M  592M   2% /boot/efi
/dev/mapper/rl-home  497G   21G  477G   5% /home
tmpfs                6.3G   56K  6.3G   1% /run/user/42
tmpfs                6.3G   36K  6.3G   1% /run/user/1001
tmpfs                6.3G   36K  6.3G   1% /run/user/0
--------------------------------------------------
Greenplum Health Check finished on Wed Nov 19 06:18:45 PM EST 2025
